<?xml version="1.0"?>
<!DOCTYPE tsung SYSTEM "/usr/local/Cellar/tsung/1.4.2/share/tsung/tsung-1.0.dtd">
<tsung loglevel="notice" version="1.0">

    <!-- Client side setup -->
    <clients>
        <client host="localhost" use_controller_vm="true"/>
    </clients>

    <!-- Server side setup -->
    <servers>
        <server host="lastingpowerofattorney.service.gov.uk" port="443" type="ssl"></server>
        <!--        <server host="lastingpowerofattorney.service.gov.uk" port="443" type="ssl"></server>-->
    </servers>

    <!-- to start os monitoring (cpu, network, memory). Use an erlang
    agent on the remote machine or SNMP. erlang is the default -->
    <!--  <monitoring>
        <monitor host="myserver" type="snmp"></monitor>
      </monitoring>-->

    <load>
        <!-- several arrival phases can be set: for each phase, you can set
        the mean inter-arrival time between new clients and the phase
        duration -->
        <arrivalphase phase="1" duration="10" unit="minute">
            <users maxnumber="200" arrivalrate="1" unit="second"></users>
        </arrivalphase>
    </load>

    <options>
        <option type="ts_http" name="user_agent">
            <user_agent probability="80">Mozilla/5.0 (X11; U; Linux i686; en-US; rv:1.7.8) Gecko/20050513 Galeon/1.3.21</user_agent>
            <user_agent probability="20">Mozilla/5.0 (Windows; U; Windows NT 5.2; fr-FR; rv:1.7.8) Gecko/20050511 Firefox/1.0.4</user_agent>
        </option>
    </options>

    <!-- start a session for a http user. the probability is the
    frequency of this type os session. The sum of all session's
    probabilities must be 100 -->

    <sessions>

        <session name='full session' probability='100'  type='ts_http'>

            <request><http url='https://lastingpowerofattorney.service.gov.uk/' version='1.1' method='GET'>
                <www_authenticate userid="beta" passwd="beta" /></http></request>
            <request><http url='/css/styles.css' version='1.1' if_modified_since='Wed, 26 Jun 2013 08:54:40 GMT' method='GET'>
                <www_authenticate userid="beta" passwd="beta" /></http></request>
            <request><http url='/images/gov.uk_logotype-2x.png' version='1.1' if_modified_since='Wed, 26 Jun 2013 08:54:40 GMT' method='GET'>
                <www_authenticate userid="beta" passwd="beta" /></http></request>
            <request><http url='/images/pictogram-create-lpa.png' version='1.1' if_modified_since='Mon, 10 Jun 2013 15:02:19 GMT' method='GET'>
                <www_authenticate userid="beta" passwd="beta" /></http></request>
            <request><http url='/images/pictogram-sign-lpa.png' version='1.1' if_modified_since='Mon, 10 Jun 2013 15:02:19 GMT' method='GET'>
                <www_authenticate userid="beta" passwd="beta" /></http></request>
            <request><http url='/images/pictogram-register-lpa.png' version='1.1' if_modified_since='Mon, 10 Jun 2013 15:02:19 GMT' method='GET'>
                <www_authenticate userid="beta" passwd="beta" /></http></request>
            <request><http url='/images/pictogram-receive-lpa.png' version='1.1' if_modified_since='Mon, 10 Jun 2013 15:02:19 GMT' method='GET'>
                <www_authenticate userid="beta" passwd="beta" /></http></request>

            <thinktime random='true' value='2'/>

            <thinktime random='true' value='11'/>

            <request><http url='/user/login' version='1.1' method='GET'>
                <www_authenticate userid="beta" passwd="beta" /></http></request>

            <thinktime random='true' value='38'/>

            <request><http url='/user/login' version='1.1'  contents='email=chris.mitchell%40digital.cabinet-office.gov.uk&amp;password=Lastingpower1&amp;submit=Sign+in' content_type='application/x-www-form-urlencoded' method='POST'>
                <www_authenticate userid="beta" passwd="beta" /></http></request>

            <thinktime random='true' value='2'/>

            <request><http url='/user/dashboard' version='1.1' method='GET'>
                <www_authenticate userid="beta" passwd="beta" /></http></request>
            <request><http url='/user/login' version='1.1'  contents='email=chris.mitchell%40digital.cabinet-office.gov.uk&amp;password=Lastingpower1&amp;submit=Sign+in' content_type='application/x-www-form-urlencoded' method='POST'>
                <www_authenticate userid="beta" passwd="beta" /></http></request>

            <thinktime random='true' value='6'/>

            <request><http url='/forward/newlpa' version='1.1' method='GET'>
                <www_authenticate userid="beta" passwd="beta" /></http></request>
            <request><http url='/create/lpa-type' version='1.1' method='GET'>
                <www_authenticate userid="beta" passwd="beta" /></http></request>

            <thinktime random='true' value='13'/>

            <request><http url='/create/lpa-type' version='1.1'  contents='lpa_type=Property+and+financial+affairs&amp;save=Save+and+continue' content_type='application/x-www-form-urlencoded' method='POST'>
                <www_authenticate userid="beta" passwd="beta" /></http></request>

            <thinktime random='true' value='2'/>

            <request><http url='/create/donor' version='1.1' method='GET'>
                <www_authenticate userid="beta" passwd="beta" /></http></request>

            <thinktime random='true' value='16'/>

            <request><http url='/create/add-donor' version='1.1' method='GET'>
                <www_authenticate userid="beta" passwd="beta" /></http></request>

            <thinktime random='true' value='112'/>

            <request><http url='/create/add-donor' version='1.1'  contents='title=mr&amp;firstname=john&amp;middlename=bob&amp;surname=martyn&amp;othername=&amp;dob%5Bday%5D=07&amp;dob%5Bmonth%5D=03&amp;dob%5Byear%5D=1909&amp;phone=&amp;email=marcoblimworth%40yahoo.co.uk&amp;address%5Baddr1%5D=12+kyle+park+avenue&amp;address%5Baddr2%5D=&amp;address%5Baddr3%5D=&amp;address%5Btown%5D=udingston&amp;address%5Bcounty%5D=Glasgow&amp;address%5Bpostcode%5D=PR6+4dr&amp;address%5Bcountry%5D=UK&amp;donor_cannot_sign=0&amp;save=Save+details' content_type='application/x-www-form-urlencoded' method='POST'>
                <www_authenticate userid="beta" passwd="beta" /></http></request>

            <thinktime random='true' value='3'/>

            <request><http url='/create/donor' version='1.1' method='GET'>
                <www_authenticate userid="beta" passwd="beta" /></http></request>

            <thinktime random='true' value='12'/>

            <request><http url='/create/when-to-use' version='1.1' method='GET'>
                <www_authenticate userid="beta" passwd="beta" /></http></request>

            <thinktime random='true' value='15'/>

            <request><http url='/create/when-to-use' version='1.1'  contents='whenToStart=0&amp;save=Save+and+continue' content_type='application/x-www-form-urlencoded' method='POST'>
                <www_authenticate userid="beta" passwd="beta" /></http></request>

            <thinktime random='true' value='2'/>

            <request><http url='/create/attorneys' version='1.1' method='GET'>
                <www_authenticate userid="beta" passwd="beta" /></http></request>

            <thinktime random='true' value='30'/>

            <request><http url='/create/add-attorney' version='1.1' method='GET'>
                <www_authenticate userid="beta" passwd="beta" /></http></request>

            <thinktime random='true' value='147'/>

            <request><http url='/create/add-attorney' version='1.1'  contents='title=Miss&amp;firstname=Sue&amp;middlename=jane&amp;surname=Ellen&amp;dob%5Bday%5D=06&amp;dob%5Bmonth%5D=09&amp;dob%5Byear%5D=1915&amp;address%5Baddr1%5D=33+the+common&amp;address%5Baddr2%5D=chorley&amp;address%5Baddr3%5D=&amp;address%5Btown%5D=chorley&amp;address%5Bcounty%5D=Lancashire&amp;address%5Bpostcode%5D=PR7+4DR&amp;address%5Bcountry%5D=UK&amp;dxNumber=&amp;dxExchange=&amp;email=&amp;phone=&amp;occupation=&amp;relationshipToDonor=Child&amp;relationshipToDonorOther=&amp;save=Save+details' content_type='application/x-www-form-urlencoded' method='POST'>
                <www_authenticate userid="beta" passwd="beta" /></http></request>

            <thinktime random='true' value='3'/>

            <request><http url='/create/attorneys' version='1.1' method='GET'>
                <www_authenticate userid="beta" passwd="beta" /></http></request>

            <thinktime random='true' value='10'/>

            <request><http url='/create/replacement-attorneys' version='1.1' method='GET'>
                <www_authenticate userid="beta" passwd="beta" /></http></request>

            <thinktime random='true' value='7'/>

            <request><http url='/create/add-replacement-attorney' version='1.1' method='GET'>
                <www_authenticate userid="beta" passwd="beta" /></http></request>

            <thinktime random='true' value='127'/>

            <request><http url='/create/add-replacement-attorney' version='1.1'  contents='title=Dr&amp;firstname=charlie&amp;middlename=john&amp;surname=howerd&amp;dob%5Bday%5D=06&amp;dob%5Bmonth%5D=09&amp;dob%5Byear%5D=1963&amp;email=&amp;phone=&amp;address%5Baddr1%5D=6+waterloo+terrace&amp;address%5Baddr2%5D=&amp;address%5Baddr3%5D=&amp;address%5Btown%5D=preston&amp;address%5Bcounty%5D=lancashire&amp;address%5Bpostcode%5D=PR1+4DL&amp;address%5Bcountry%5D=UK&amp;save=Save+details' content_type='application/x-www-form-urlencoded' method='POST'>
                <www_authenticate userid="beta" passwd="beta" /></http></request>

            <thinktime random='true' value='3'/>

            <request><http url='/create/replacement-attorneys' version='1.1' method='GET'>
                <www_authenticate userid="beta" passwd="beta" /></http></request>

            <thinktime random='true' value='45'/>

            <request><http url='/create/certificate-provider' version='1.1' method='GET'>
                <www_authenticate userid="beta" passwd="beta" /></http></request>

            <thinktime random='true' value='40'/>

            <request><http url='/create/add-certificate-provider' version='1.1' method='GET'>
                <www_authenticate userid="beta" passwd="beta" /></http></request>

            <thinktime random='true' value='68'/>

            <request><http url='/create/add-certificate-provider' version='1.1'  contents='title=DR&amp;firstname=Bob&amp;middlename=&amp;surname=Burrows&amp;email=&amp;address%5Baddr1%5D=10+Park+Drive&amp;address%5Baddr2%5D=&amp;address%5Baddr3%5D=Biddleford&amp;address%5Btown%5D=Orpington&amp;address%5Bcounty%5D=Kent&amp;address%5Bpostcode%5D=N22+7BL&amp;address%5Bcountry%5D=UK&amp;certificateProviderStatementType=I+want+them+to+complete+these+details+on+the+print+LPA+form+themselves&amp;save=Save+details' content_type='application/x-www-form-urlencoded' method='POST'>
                <www_authenticate userid="beta" passwd="beta" /></http></request>

            <thinktime random='true' value='3'/>

            <request><http url='/create/certificate-provider' version='1.1' method='GET'>
                <www_authenticate userid="beta" passwd="beta" /></http></request>

            <thinktime random='true' value='46'/>

            <request><http url='/create/certificate-provider' version='1.1'  contents='certificateProviderStatementType=2&amp;certificateProviderKnowledgeOfDonor=Doctor&amp;certificateProviderProfessionalSkills=&amp;save=Save+and+continue' content_type='application/x-www-form-urlencoded' method='POST'>
                <www_authenticate userid="beta" passwd="beta" /></http></request>

            <thinktime random='true' value='23'/>

            <request><http url='/create/certificate-provider' version='1.1'  contents='certificateProviderStatementType=2&amp;certificateProviderKnowledgeOfDonor=Doctor&amp;certificateProviderProfessionalSkills=they+have+known+the+donor+for+5+years&amp;save=Save+and+continue' content_type='application/x-www-form-urlencoded' method='POST'>
                <www_authenticate userid="beta" passwd="beta" /></http></request>

            <thinktime random='true' value='2'/>

            <request><http url='/create/people-to-be-told' version='1.1' method='GET'>
                <www_authenticate userid="beta" passwd="beta" /></http></request>

            <thinktime random='true' value='23'/>

            <request><http url='/create/second-certificate-provider' version='1.1' method='GET'>
                <www_authenticate userid="beta" passwd="beta" /></http></request>

            <thinktime random='true' value='20'/>

            <request><http url='/create/add-second-certificate-provider' version='1.1' method='GET'>
                <www_authenticate userid="beta" passwd="beta" /></http></request>

            <thinktime random='true' value='65'/>

            <request><http url='/create/add-second-certificate-provider' version='1.1'  contents='title=Mr&amp;firstname=Frank&amp;middlename=&amp;surname=Bough&amp;email=&amp;address%5Baddr1%5D=20+motcombe+road&amp;address%5Baddr2%5D=&amp;address%5Baddr3%5D=heald+greeen&amp;address%5Btown%5D=Stockport&amp;address%5Bcounty%5D=Manchester&amp;address%5Bpostcode%5D=SK8+3TP&amp;address%5Bcountry%5D=UK&amp;save=Save+details' content_type='application/x-www-form-urlencoded' method='POST'>
                <www_authenticate userid="beta" passwd="beta" /></http></request>

            <thinktime random='true' value='2'/>

            <request><http url='/create/second-certificate-provider' version='1.1' method='GET'>
                <www_authenticate userid="beta" passwd="beta" /></http></request>

            <thinktime random='true' value='15'/>

            <request><http url='/create/second-certificate-provider' version='1.1'  contents='certificateProviderStatementType=0&amp;certificateProviderKnowledgeOfDonor=&amp;certificateProviderProfessionalSkills=&amp;save=Save+and+continue' content_type='application/x-www-form-urlencoded' method='POST'>
                <www_authenticate userid="beta" passwd="beta" /></http></request>

            <thinktime random='true' value='3'/>

            <request><http url='/create/review' version='1.1' method='GET'>
                <www_authenticate userid="beta" passwd="beta" /></http></request>

            <thinktime random='true' value='154'/>

            <request><http url='/create/review' version='1.1'  contents='restrictions=don%27t+sell+my+house+please&amp;guidance=&amp;charges=I%27ll+pay+them+500+pounds+per+year+as+long+as+they+don%27t+sell+my+house+please&amp;save=Save+and+continue' content_type='application/x-www-form-urlencoded' method='POST'>
                <www_authenticate userid="beta" passwd="beta" /></http></request>

            <thinktime random='true' value='2'/>

            <request><http url='/create/complete' version='1.1' method='GET'>
                <www_authenticate userid="beta" passwd="beta" /></http></request>

            <thinktime random='true' value='31'/>

            <request><http url='/pdf/instrument/Lasting-Power-of-Attorney-Instrument.pdf' version='1.1' method='GET'>
                <www_authenticate userid="beta" passwd="beta" /></http></request>

            <thinktime random='true' value='200'/>

            <request><http url='/user/logout' version='1.1' method='GET'>
                <www_authenticate userid="beta" passwd="beta" /></http></request>
            <request><http url='/' version='1.1' method='GET'>
                <www_authenticate userid="beta" passwd="beta" /></http></request>
        </session>


    </sessions>
</tsung>
